2020-08-01 13:25:21,054 [20] ERROR EPiServer.Find.Cms.ContentEventIndexer: An exception occurred while indexing (IContent). The remote name could not be resolved: 'your_uri'.
System.Net.WebException: The remote name could not be resolved: 'your_uri'
   at System.Net.HttpWebRequest.GetRequestStream(TransportContext& context)
   at System.Net.HttpWebRequest.GetRequestStream()
   at EPiServer.Find.Connection.JsonRequest.GetRequestStream(Int64 contentLength)
   at EPiServer.Find.Json.Serializer.SerializeObjectsToJsonRequest(JsonSerializer serializer, IJsonRequest jsonRequest, IEnumerable values)
   at EPiServer.Find.Api.BulkCommand.Execute(List`1& serializationFailures)
   at EPiServer.Find.Api.BulkCommand.Execute()
   at EPiServer.Find.Client.Index(IEnumerable objectsToIndex, Boolean deleteLanguageRoutingDuplicatesOnIndex)
   at EPiServer.Find.Cms.ContentIndexer.IndexWithRetry(IContent[] contents, Int32 maxRetries, Boolean deleteLanguageRoutingDuplicatesOnIndex)
   at EPiServer.Find.Cms.ContentIndexer.Index(IEnumerable`1 contents, IndexOptions options)
   at EPiServer.Find.Cms.ContentEventIndexer.Index(IEnumerable`1 contentLinks)
   at EPiServer.Find.Cms.ContentEventIndexer.<>c__DisplayClass25_0.<IndexPageQueue>b__1()
   at EPiServer.Find.Cms.ContentEventIndexer.Sync(IEnumerable`1 contentToIndex, HashSet`1 contentToIndexSet, Func`1 index)
   at EPiServer.Find.Cms.ContentEventIndexer.IndexPageQueue(IEnumerable`1 contentToIndex)
   at EPiServer.Find.Cms.ContentEventIndexer.IndexPageQueue()
System.Net.WebException: The remote name could not be resolved: 'your_uri'
   at System.Net.HttpWebRequest.GetRequestStream(TransportContext& context)
   at System.Net.HttpWebRequest.GetRequestStream()
   at EPiServer.Find.Connection.JsonRequest.GetRequestStream(Int64 contentLength)
   at EPiServer.Find.Json.Serializer.SerializeObjectsToJsonRequest(JsonSerializer serializer, IJsonRequest jsonRequest, IEnumerable values)
   at EPiServer.Find.Api.BulkCommand.Execute(List`1& serializationFailures)
   at EPiServer.Find.Api.BulkCommand.Execute()
   at EPiServer.Find.Client.Index(IEnumerable objectsToIndex, Boolean deleteLanguageRoutingDuplicatesOnIndex)
   at EPiServer.Find.Cms.ContentIndexer.IndexWithRetry(IContent[] contents, Int32 maxRetries, Boolean deleteLanguageRoutingDuplicatesOnIndex)
   at EPiServer.Find.Cms.ContentIndexer.Index(IEnumerable`1 contents, IndexOptions options)
   at EPiServer.Find.Cms.ContentEventIndexer.Index(IEnumerable`1 contentLinks)
   at EPiServer.Find.Cms.ContentEventIndexer.<>c__DisplayClass25_0.<IndexPageQueue>b__1()
   at EPiServer.Find.Cms.ContentEventIndexer.Sync(IEnumerable`1 contentToIndex, HashSet`1 contentToIndexSet, Func`1 index)
   at EPiServer.Find.Cms.ContentEventIndexer.IndexPageQueue(IEnumerable`1 contentToIndex)
   at EPiServer.Find.Cms.ContentEventIndexer.IndexPageQueue()
2020-08-01 13:25:21,330 [21] ERROR EPiServer.Find.Cms.CmsUnifiedSearchSetUp: IAttachmentHelper can not be initiated.
2020-08-01 13:25:23,619 [21] ERROR EPiServer.Find.Cms.ContentEventIndexer: An exception occurred while indexing (IContent). The remote name could not be resolved: 'your_uri'.
System.Net.WebException: The remote name could not be resolved: 'your_uri'
   at System.Net.HttpWebRequest.GetRequestStream(TransportContext& context)
   at System.Net.HttpWebRequest.GetRequestStream()
   at EPiServer.Find.Connection.JsonRequest.GetRequestStream(Int64 contentLength)
   at EPiServer.Find.Json.Serializer.SerializeObjectsToJsonRequest(JsonSerializer serializer, IJsonRequest jsonRequest, IEnumerable values)
   at EPiServer.Find.Api.BulkCommand.Execute(List`1& serializationFailures)
   at EPiServer.Find.Api.BulkCommand.Execute()
   at EPiServer.Find.Client.Index(IEnumerable objectsToIndex, Boolean deleteLanguageRoutingDuplicatesOnIndex)
   at EPiServer.Find.Cms.ContentIndexer.IndexWithRetry(IContent[] contents, Int32 maxRetries, Boolean deleteLanguageRoutingDuplicatesOnIndex)
   at EPiServer.Find.Cms.ContentIndexer.Index(IEnumerable`1 contents, IndexOptions options)
   at EPiServer.Find.Cms.ContentIndexer.IndexFrom(ContentReference contentLink, Boolean includeRootPage, IndexOptions indexOptions)
   at EPiServer.Find.Cms.ContentEventIndexer.<>c__DisplayClass25_1.<IndexPageQueue>b__2()
   at EPiServer.Find.Cms.ContentEventIndexer.Sync(IEnumerable`1 contentToIndex, HashSet`1 contentToIndexSet, Func`1 index)
   at EPiServer.Find.Cms.ContentEventIndexer.IndexPageQueue(IEnumerable`1 contentToIndex)
   at EPiServer.Find.Cms.ContentEventIndexer.IndexPageQueue()
System.Net.WebException: The remote name could not be resolved: 'your_uri'
   at System.Net.HttpWebRequest.GetRequestStream(TransportContext& context)
   at System.Net.HttpWebRequest.GetRequestStream()
   at EPiServer.Find.Connection.JsonRequest.GetRequestStream(Int64 contentLength)
   at EPiServer.Find.Json.Serializer.SerializeObjectsToJsonRequest(JsonSerializer serializer, IJsonRequest jsonRequest, IEnumerable values)
   at EPiServer.Find.Api.BulkCommand.Execute(List`1& serializationFailures)
   at EPiServer.Find.Api.BulkCommand.Execute()
   at EPiServer.Find.Client.Index(IEnumerable objectsToIndex, Boolean deleteLanguageRoutingDuplicatesOnIndex)
   at EPiServer.Find.Cms.ContentIndexer.IndexWithRetry(IContent[] contents, Int32 maxRetries, Boolean deleteLanguageRoutingDuplicatesOnIndex)
   at EPiServer.Find.Cms.ContentIndexer.Index(IEnumerable`1 contents, IndexOptions options)
   at EPiServer.Find.Cms.ContentIndexer.IndexFrom(ContentReference contentLink, Boolean includeRootPage, IndexOptions indexOptions)
   at EPiServer.Find.Cms.ContentEventIndexer.<>c__DisplayClass25_1.<IndexPageQueue>b__2()
   at EPiServer.Find.Cms.ContentEventIndexer.Sync(IEnumerable`1 contentToIndex, HashSet`1 contentToIndexSet, Func`1 index)
   at EPiServer.Find.Cms.ContentEventIndexer.IndexPageQueue(IEnumerable`1 contentToIndex)
   at EPiServer.Find.Cms.ContentEventIndexer.IndexPageQueue()
2020-08-01 13:25:49,289 [22] ERROR EPiServer.Global: Unhandled exception in ASP.NET
System.Web.HttpException (0x80004005): Cannot redirect after HTTP headers have been sent.
   at System.Web.HttpResponse.Redirect(String url, Boolean endResponse, Boolean permanent)
   at System.Web.HttpResponseWrapper.Redirect(String url, Boolean endResponse)
   at System.Web.Mvc.RedirectResult.ExecuteResult(ControllerContext context)
   at System.Web.Mvc.ControllerActionInvoker.InvokeActionResult(ControllerContext controllerContext, ActionResult actionResult)
   at System.Web.Mvc.ControllerActionInvoker.InvokeActionResultFilterRecursive(IList`1 filters, Int32 filterIndex, ResultExecutingContext preContext, ControllerContext controllerContext, ActionResult actionResult)
   at System.Web.Mvc.ControllerActionInvoker.InvokeActionResultFilterRecursive(IList`1 filters, Int32 filterIndex, ResultExecutingContext preContext, ControllerContext controllerContext, ActionResult actionResult)
   at System.Web.Mvc.ControllerActionInvoker.InvokeActionResultFilterRecursive(IList`1 filters, Int32 filterIndex, ResultExecutingContext preContext, ControllerContext controllerContext, ActionResult actionResult)
   at System.Web.Mvc.ControllerActionInvoker.InvokeActionResultFilterRecursive(IList`1 filters, Int32 filterIndex, ResultExecutingContext preContext, ControllerContext controllerContext, ActionResult actionResult)
   at System.Web.Mvc.ControllerActionInvoker.InvokeActionResultFilterRecursive(IList`1 filters, Int32 filterIndex, ResultExecutingContext preContext, ControllerContext controllerContext, ActionResult actionResult)
   at System.Web.Mvc.ControllerActionInvoker.InvokeActionResultWithFilters(ControllerContext controllerContext, IList`1 filters, ActionResult actionResult)
   at System.Web.Mvc.Async.AsyncControllerActionInvoker.<>c__DisplayClass21.<>c__DisplayClass2b.<BeginInvokeAction>b__1c()
   at System.Web.Mvc.Async.AsyncControllerActionInvoker.<>c__DisplayClass21.<BeginInvokeAction>b__1e(IAsyncResult asyncResult)
   at System.Web.Mvc.Async.AsyncResultWrapper.WrappedAsyncResult`1.CallEndDelegate(IAsyncResult asyncResult)
   at System.Web.Mvc.Async.AsyncResultWrapper.WrappedAsyncResultBase`1.End()
   at System.Web.Mvc.Async.AsyncControllerActionInvoker.EndInvokeAction(IAsyncResult asyncResult)
   at System.Web.Mvc.Controller.<BeginExecuteCore>b__1d(IAsyncResult asyncResult, ExecuteCoreState innerState)
   at System.Web.Mvc.Async.AsyncResultWrapper.WrappedAsyncVoid`1.CallEndDelegate(IAsyncResult asyncResult)
   at System.Web.Mvc.Async.AsyncResultWrapper.WrappedAsyncResultBase`1.End()
   at System.Web.Mvc.Controller.EndExecuteCore(IAsyncResult asyncResult)
   at System.Web.Mvc.Controller.<BeginExecute>b__15(IAsyncResult asyncResult, Controller controller)
   at System.Web.Mvc.Async.AsyncResultWrapper.WrappedAsyncVoid`1.CallEndDelegate(IAsyncResult asyncResult)
   at System.Web.Mvc.Async.AsyncResultWrapper.WrappedAsyncResultBase`1.End()
   at System.Web.Mvc.Controller.EndExecute(IAsyncResult asyncResult)
   at System.Web.Mvc.Controller.System.Web.Mvc.Async.IAsyncController.EndExecute(IAsyncResult asyncResult)
   at System.Web.Mvc.MvcHandler.<BeginProcessRequest>b__5(IAsyncResult asyncResult, ProcessRequestState innerState)
   at System.Web.Mvc.Async.AsyncResultWrapper.WrappedAsyncVoid`1.CallEndDelegate(IAsyncResult asyncResult)
   at System.Web.Mvc.Async.AsyncResultWrapper.WrappedAsyncResultBase`1.End()
   at System.Web.Mvc.MvcHandler.EndProcessRequest(IAsyncResult asyncResult)
   at System.Web.Mvc.MvcHandler.System.Web.IHttpAsyncHandler.EndProcessRequest(IAsyncResult result)
   at System.Web.HttpApplication.CallHandlerExecutionStep.System.Web.HttpApplication.IExecutionStep.Execute()
   at System.Web.HttpApplication.ExecuteStepImpl(IExecutionStep step)
   at System.Web.HttpApplication.ExecuteStep(IExecutionStep step, Boolean& completedSynchronously)
System.Web.HttpException (0x80004005): Cannot redirect after HTTP headers have been sent.
   at System.Web.HttpResponse.Redirect(String url, Boolean endResponse, Boolean permanent)
   at System.Web.HttpResponseWrapper.Redirect(String url, Boolean endResponse)
   at System.Web.Mvc.RedirectResult.ExecuteResult(ControllerContext context)
   at System.Web.Mvc.ControllerActionInvoker.InvokeActionResult(ControllerContext controllerContext, ActionResult actionResult)
   at System.Web.Mvc.ControllerActionInvoker.InvokeActionResultFilterRecursive(IList`1 filters, Int32 filterIndex, ResultExecutingContext preContext, ControllerContext controllerContext, ActionResult actionResult)
   at System.Web.Mvc.ControllerActionInvoker.InvokeActionResultFilterRecursive(IList`1 filters, Int32 filterIndex, ResultExecutingContext preContext, ControllerContext controllerContext, ActionResult actionResult)
   at System.Web.Mvc.ControllerActionInvoker.InvokeActionResultFilterRecursive(IList`1 filters, Int32 filterIndex, ResultExecutingContext preContext, ControllerContext controllerContext, ActionResult actionResult)
   at System.Web.Mvc.ControllerActionInvoker.InvokeActionResultFilterRecursive(IList`1 filters, Int32 filterIndex, ResultExecutingContext preContext, ControllerContext controllerContext, ActionResult actionResult)
   at System.Web.Mvc.ControllerActionInvoker.InvokeActionResultFilterRecursive(IList`1 filters, Int32 filterIndex, ResultExecutingContext preContext, ControllerContext controllerContext, ActionResult actionResult)
   at System.Web.Mvc.ControllerActionInvoker.InvokeActionResultWithFilters(ControllerContext controllerContext, IList`1 filters, ActionResult actionResult)
   at System.Web.Mvc.Async.AsyncControllerActionInvoker.<>c__DisplayClass21.<>c__DisplayClass2b.<BeginInvokeAction>b__1c()
   at System.Web.Mvc.Async.AsyncControllerActionInvoker.<>c__DisplayClass21.<BeginInvokeAction>b__1e(IAsyncResult asyncResult)
   at System.Web.Mvc.Async.AsyncResultWrapper.WrappedAsyncResult`1.CallEndDelegate(IAsyncResult asyncResult)
   at System.Web.Mvc.Async.AsyncResultWrapper.WrappedAsyncResultBase`1.End()
   at System.Web.Mvc.Async.AsyncControllerActionInvoker.EndInvokeAction(IAsyncResult asyncResult)
   at System.Web.Mvc.Controller.<BeginExecuteCore>b__1d(IAsyncResult asyncResult, ExecuteCoreState innerState)
   at System.Web.Mvc.Async.AsyncResultWrapper.WrappedAsyncVoid`1.CallEndDelegate(IAsyncResult asyncResult)
   at System.Web.Mvc.Async.AsyncResultWrapper.WrappedAsyncResultBase`1.End()
   at System.Web.Mvc.Controller.EndExecuteCore(IAsyncResult asyncResult)
   at System.Web.Mvc.Controller.<BeginExecute>b__15(IAsyncResult asyncResult, Controller controller)
   at System.Web.Mvc.Async.AsyncResultWrapper.WrappedAsyncVoid`1.CallEndDelegate(IAsyncResult asyncResult)
   at System.Web.Mvc.Async.AsyncResultWrapper.WrappedAsyncResultBase`1.End()
   at System.Web.Mvc.Controller.EndExecute(IAsyncResult asyncResult)
   at System.Web.Mvc.Controller.System.Web.Mvc.Async.IAsyncController.EndExecute(IAsyncResult asyncResult)
   at System.Web.Mvc.MvcHandler.<BeginProcessRequest>b__5(IAsyncResult asyncResult, ProcessRequestState innerState)
   at System.Web.Mvc.Async.AsyncResultWrapper.WrappedAsyncVoid`1.CallEndDelegate(IAsyncResult asyncResult)
   at System.Web.Mvc.Async.AsyncResultWrapper.WrappedAsyncResultBase`1.End()
   at System.Web.Mvc.MvcHandler.EndProcessRequest(IAsyncResult asyncResult)
   at System.Web.Mvc.MvcHandler.System.Web.IHttpAsyncHandler.EndProcessRequest(IAsyncResult result)
   at System.Web.HttpApplication.CallHandlerExecutionStep.System.Web.HttpApplication.IExecutionStep.Execute()
   at System.Web.HttpApplication.ExecuteStepImpl(IExecutionStep step)
   at System.Web.HttpApplication.ExecuteStep(IExecutionStep step, Boolean& completedSynchronously)
2020-08-01 13:25:55,903 [19] ERROR EPiServer.Find.Cms.ContentEventIndexer: An exception occurred while indexing (IContent). The remote name could not be resolved: 'your_uri'.
System.Net.WebException: The remote name could not be resolved: 'your_uri'
   at System.Net.HttpWebRequest.GetRequestStream(TransportContext& context)
   at System.Net.HttpWebRequest.GetRequestStream()
   at EPiServer.Find.Connection.JsonRequest.GetRequestStream(Int64 contentLength)
   at EPiServer.Find.Json.Serializer.SerializeObjectsToJsonRequest(JsonSerializer serializer, IJsonRequest jsonRequest, IEnumerable values)
   at EPiServer.Find.Api.BulkCommand.Execute(List`1& serializationFailures)
   at EPiServer.Find.Api.BulkCommand.Execute()
   at EPiServer.Find.Client.Index(IEnumerable objectsToIndex, Boolean deleteLanguageRoutingDuplicatesOnIndex)
   at EPiServer.Find.Cms.ContentIndexer.IndexWithRetry(IContent[] contents, Int32 maxRetries, Boolean deleteLanguageRoutingDuplicatesOnIndex)
   at EPiServer.Find.Cms.ContentIndexer.Index(IEnumerable`1 contents, IndexOptions options)
   at EPiServer.Find.Cms.ContentEventIndexer.Index(IEnumerable`1 contentLinks)
   at EPiServer.Find.Cms.ContentEventIndexer.<>c__DisplayClass25_0.<IndexPageQueue>b__0()
   at EPiServer.Find.Cms.ContentEventIndexer.Sync(IEnumerable`1 contentToIndex, HashSet`1 contentToIndexSet, Func`1 index)
   at EPiServer.Find.Cms.ContentEventIndexer.IndexPageQueue(IEnumerable`1 contentToIndex)
   at EPiServer.Find.Cms.ContentEventIndexer.IndexPageQueue()
System.Net.WebException: The remote name could not be resolved: 'your_uri'
   at System.Net.HttpWebRequest.GetRequestStream(TransportContext& context)
   at System.Net.HttpWebRequest.GetRequestStream()
   at EPiServer.Find.Connection.JsonRequest.GetRequestStream(Int64 contentLength)
   at EPiServer.Find.Json.Serializer.SerializeObjectsToJsonRequest(JsonSerializer serializer, IJsonRequest jsonRequest, IEnumerable values)
   at EPiServer.Find.Api.BulkCommand.Execute(List`1& serializationFailures)
   at EPiServer.Find.Api.BulkCommand.Execute()
   at EPiServer.Find.Client.Index(IEnumerable objectsToIndex, Boolean deleteLanguageRoutingDuplicatesOnIndex)
   at EPiServer.Find.Cms.ContentIndexer.IndexWithRetry(IContent[] contents, Int32 maxRetries, Boolean deleteLanguageRoutingDuplicatesOnIndex)
   at EPiServer.Find.Cms.ContentIndexer.Index(IEnumerable`1 contents, IndexOptions options)
   at EPiServer.Find.Cms.ContentEventIndexer.Index(IEnumerable`1 contentLinks)
   at EPiServer.Find.Cms.ContentEventIndexer.<>c__DisplayClass25_0.<IndexPageQueue>b__0()
   at EPiServer.Find.Cms.ContentEventIndexer.Sync(IEnumerable`1 contentToIndex, HashSet`1 contentToIndexSet, Func`1 index)
   at EPiServer.Find.Cms.ContentEventIndexer.IndexPageQueue(IEnumerable`1 contentToIndex)
   at EPiServer.Find.Cms.ContentEventIndexer.IndexPageQueue()
2020-08-01 16:47:42,359 [31] ERROR EPiServer.Global: Unhandled exception in ASP.NET
System.Web.HttpCompileException (0x80004005): c:\Users\X1 Extreme 2\AppData\Local\Temp\Temporary ASP.NET Files\vs\d59334e2\6d36d79e\App_Web_index.cshtml.467c3450.cufpbxgs.0.cs(46): error CS0234: The type or namespace name 'Views' does not exist in the namespace 'Epi_MediumPage' (are you missing an assembly reference?)
   at System.Web.Compilation.AssemblyBuilder.Compile()
   at System.Web.Compilation.BuildProvidersCompiler.PerformBuild()
   at System.Web.Compilation.BuildManager.CompileWebFile(VirtualPath virtualPath)
   at System.Web.Compilation.BuildManager.GetVPathBuildResultInternal(VirtualPath virtualPath, Boolean noBuild, Boolean allowCrossApp, Boolean allowBuildInPrecompile, Boolean throwIfNotFound, Boolean ensureIsUpToDate)
   at System.Web.Compilation.BuildManager.GetVPathBuildResultWithNoAssert(HttpContext context, VirtualPath virtualPath, Boolean noBuild, Boolean allowCrossApp, Boolean allowBuildInPrecompile, Boolean throwIfNotFound, Boolean ensureIsUpToDate)
   at System.Web.Compilation.BuildManager.GetVirtualPathObjectFactory(VirtualPath virtualPath, HttpContext context, Boolean allowCrossApp, Boolean throwIfNotFound)
   at System.Web.Compilation.BuildManager.GetCompiledType(VirtualPath virtualPath)
   at System.Web.Compilation.BuildManager.GetCompiledType(String virtualPath)
   at System.Web.Mvc.BuildManagerWrapper.System.Web.Mvc.IBuildManager.GetCompiledType(String virtualPath)
   at System.Web.Mvc.BuildManagerCompiledView.Render(ViewContext viewContext, TextWriter writer)
   at System.Web.Mvc.ViewResultBase.ExecuteResult(ControllerContext context)
   at System.Web.Mvc.ControllerActionInvoker.InvokeActionResult(ControllerContext controllerContext, ActionResult actionResult)
   at System.Web.Mvc.ControllerActionInvoker.InvokeActionResultFilterRecursive(IList`1 filters, Int32 filterIndex, ResultExecutingContext preContext, ControllerContext controllerContext, ActionResult actionResult)
   at System.Web.Mvc.ControllerActionInvoker.InvokeActionResultFilterRecursive(IList`1 filters, Int32 filterIndex, ResultExecutingContext preContext, ControllerContext controllerContext, ActionResult actionResult)
   at System.Web.Mvc.ControllerActionInvoker.InvokeActionResultFilterRecursive(IList`1 filters, Int32 filterIndex, ResultExecutingContext preContext, ControllerContext controllerContext, ActionResult actionResult)
   at System.Web.Mvc.ControllerActionInvoker.InvokeActionResultFilterRecursive(IList`1 filters, Int32 filterIndex, ResultExecutingContext preContext, ControllerContext controllerContext, ActionResult actionResult)
   at System.Web.Mvc.ControllerActionInvoker.InvokeActionResultFilterRecursive(IList`1 filters, Int32 filterIndex, ResultExecutingContext preContext, ControllerContext controllerContext, ActionResult actionResult)
   at System.Web.Mvc.ControllerActionInvoker.InvokeActionResultFilterRecursive(IList`1 filters, Int32 filterIndex, ResultExecutingContext preContext, ControllerContext controllerContext, ActionResult actionResult)
   at System.Web.Mvc.ControllerActionInvoker.InvokeActionResultFilterRecursive(IList`1 filters, Int32 filterIndex, ResultExecutingContext preContext, ControllerContext controllerContext, ActionResult actionResult)
   at System.Web.Mvc.ControllerActionInvoker.InvokeActionResultFilterRecursive(IList`1 filters, Int32 filterIndex, ResultExecutingContext preContext, ControllerContext controllerContext, ActionResult actionResult)
   at System.Web.Mvc.ControllerActionInvoker.InvokeActionResultFilterRecursive(IList`1 filters, Int32 filterIndex, ResultExecutingContext preContext, ControllerContext controllerContext, ActionResult actionResult)
   at System.Web.Mvc.ControllerActionInvoker.InvokeActionResultWithFilters(ControllerContext controllerContext, IList`1 filters, ActionResult actionResult)
   at System.Web.Mvc.Async.AsyncControllerActionInvoker.<>c__DisplayClass21.<>c__DisplayClass2b.<BeginInvokeAction>b__1c()
   at System.Web.Mvc.Async.AsyncControllerActionInvoker.<>c__DisplayClass21.<BeginInvokeAction>b__1e(IAsyncResult asyncResult)
   at System.Web.Mvc.Async.AsyncResultWrapper.WrappedAsyncResult`1.CallEndDelegate(IAsyncResult asyncResult)
   at System.Web.Mvc.Async.AsyncResultWrapper.WrappedAsyncResultBase`1.End()
   at System.Web.Mvc.Async.AsyncControllerActionInvoker.EndInvokeAction(IAsyncResult asyncResult)
   at System.Web.Mvc.Controller.<BeginExecuteCore>b__1d(IAsyncResult asyncResult, ExecuteCoreState innerState)
   at System.Web.Mvc.Async.AsyncResultWrapper.WrappedAsyncVoid`1.CallEndDelegate(IAsyncResult asyncResult)
   at System.Web.Mvc.Async.AsyncResultWrapper.WrappedAsyncResultBase`1.End()
   at System.Web.Mvc.Controller.EndExecuteCore(IAsyncResult asyncResult)
   at System.Web.Mvc.Controller.<BeginExecute>b__15(IAsyncResult asyncResult, Controller controller)
   at System.Web.Mvc.Async.AsyncResultWrapper.WrappedAsyncVoid`1.CallEndDelegate(IAsyncResult asyncResult)
   at System.Web.Mvc.Async.AsyncResultWrapper.WrappedAsyncResultBase`1.End()
   at System.Web.Mvc.Controller.EndExecute(IAsyncResult asyncResult)
   at System.Web.Mvc.Controller.System.Web.Mvc.Async.IAsyncController.EndExecute(IAsyncResult asyncResult)
   at System.Web.Mvc.MvcHandler.<BeginProcessRequest>b__5(IAsyncResult asyncResult, ProcessRequestState innerState)
   at System.Web.Mvc.Async.AsyncResultWrapper.WrappedAsyncVoid`1.CallEndDelegate(IAsyncResult asyncResult)
   at System.Web.Mvc.Async.AsyncResultWrapper.WrappedAsyncResultBase`1.End()
   at System.Web.Mvc.MvcHandler.EndProcessRequest(IAsyncResult asyncResult)
   at System.Web.Mvc.MvcHandler.System.Web.IHttpAsyncHandler.EndProcessRequest(IAsyncResult result)
   at System.Web.HttpApplication.CallHandlerExecutionStep.System.Web.HttpApplication.IExecutionStep.Execute()
   at System.Web.HttpApplication.ExecuteStepImpl(IExecutionStep step)
   at System.Web.HttpApplication.ExecuteStep(IExecutionStep step, Boolean& completedSynchronously)
System.Web.HttpCompileException (0x80004005): c:\Users\X1 Extreme 2\AppData\Local\Temp\Temporary ASP.NET Files\vs\d59334e2\6d36d79e\App_Web_index.cshtml.467c3450.cufpbxgs.0.cs(46): error CS0234: The type or namespace name 'Views' does not exist in the namespace 'Epi_MediumPage' (are you missing an assembly reference?)
   at System.Web.Compilation.AssemblyBuilder.Compile()
   at System.Web.Compilation.BuildProvidersCompiler.PerformBuild()
   at System.Web.Compilation.BuildManager.CompileWebFile(VirtualPath virtualPath)
   at System.Web.Compilation.BuildManager.GetVPathBuildResultInternal(VirtualPath virtualPath, Boolean noBuild, Boolean allowCrossApp, Boolean allowBuildInPrecompile, Boolean throwIfNotFound, Boolean ensureIsUpToDate)
   at System.Web.Compilation.BuildManager.GetVPathBuildResultWithNoAssert(HttpContext context, VirtualPath virtualPath, Boolean noBuild, Boolean allowCrossApp, Boolean allowBuildInPrecompile, Boolean throwIfNotFound, Boolean ensureIsUpToDate)
   at System.Web.Compilation.BuildManager.GetVirtualPathObjectFactory(VirtualPath virtualPath, HttpContext context, Boolean allowCrossApp, Boolean throwIfNotFound)
   at System.Web.Compilation.BuildManager.GetCompiledType(VirtualPath virtualPath)
   at System.Web.Compilation.BuildManager.GetCompiledType(String virtualPath)
   at System.Web.Mvc.BuildManagerWrapper.System.Web.Mvc.IBuildManager.GetCompiledType(String virtualPath)
   at System.Web.Mvc.BuildManagerCompiledView.Render(ViewContext viewContext, TextWriter writer)
   at System.Web.Mvc.ViewResultBase.ExecuteResult(ControllerContext context)
   at System.Web.Mvc.ControllerActionInvoker.InvokeActionResult(ControllerContext controllerContext, ActionResult actionResult)
   at System.Web.Mvc.ControllerActionInvoker.InvokeActionResultFilterRecursive(IList`1 filters, Int32 filterIndex, ResultExecutingContext preContext, ControllerContext controllerContext, ActionResult actionResult)
   at System.Web.Mvc.ControllerActionInvoker.InvokeActionResultFilterRecursive(IList`1 filters, Int32 filterIndex, ResultExecutingContext preContext, ControllerContext controllerContext, ActionResult actionResult)
   at System.Web.Mvc.ControllerActionInvoker.InvokeActionResultFilterRecursive(IList`1 filters, Int32 filterIndex, ResultExecutingContext preContext, ControllerContext controllerContext, ActionResult actionResult)
   at System.Web.Mvc.ControllerActionInvoker.InvokeActionResultFilterRecursive(IList`1 filters, Int32 filterIndex, ResultExecutingContext preContext, ControllerContext controllerContext, ActionResult actionResult)
   at System.Web.Mvc.ControllerActionInvoker.InvokeActionResultFilterRecursive(IList`1 filters, Int32 filterIndex, ResultExecutingContext preContext, ControllerContext controllerContext, ActionResult actionResult)
   at System.Web.Mvc.ControllerActionInvoker.InvokeActionResultFilterRecursive(IList`1 filters, Int32 filterIndex, ResultExecutingContext preContext, ControllerContext controllerContext, ActionResult actionResult)
   at System.Web.Mvc.ControllerActionInvoker.InvokeActionResultFilterRecursive(IList`1 filters, Int32 filterIndex, ResultExecutingContext preContext, ControllerContext controllerContext, ActionResult actionResult)
   at System.Web.Mvc.ControllerActionInvoker.InvokeActionResultFilterRecursive(IList`1 filters, Int32 filterIndex, ResultExecutingContext preContext, ControllerContext controllerContext, ActionResult actionResult)
   at System.Web.Mvc.ControllerActionInvoker.InvokeActionResultFilterRecursive(IList`1 filters, Int32 filterIndex, ResultExecutingContext preContext, ControllerContext controllerContext, ActionResult actionResult)
   at System.Web.Mvc.ControllerActionInvoker.InvokeActionResultWithFilters(ControllerContext controllerContext, IList`1 filters, ActionResult actionResult)
   at System.Web.Mvc.Async.AsyncControllerActionInvoker.<>c__DisplayClass21.<>c__DisplayClass2b.<BeginInvokeAction>b__1c()
   at System.Web.Mvc.Async.AsyncControllerActionInvoker.<>c__DisplayClass21.<BeginInvokeAction>b__1e(IAsyncResult asyncResult)
   at System.Web.Mvc.Async.AsyncResultWrapper.WrappedAsyncResult`1.CallEndDelegate(IAsyncResult asyncResult)
   at System.Web.Mvc.Async.AsyncResultWrapper.WrappedAsyncResultBase`1.End()
   at System.Web.Mvc.Async.AsyncControllerActionInvoker.EndInvokeAction(IAsyncResult asyncResult)
   at System.Web.Mvc.Controller.<BeginExecuteCore>b__1d(IAsyncResult asyncResult, ExecuteCoreState innerState)
   at System.Web.Mvc.Async.AsyncResultWrapper.WrappedAsyncVoid`1.CallEndDelegate(IAsyncResult asyncResult)
   at System.Web.Mvc.Async.AsyncResultWrapper.WrappedAsyncResultBase`1.End()
   at System.Web.Mvc.Controller.EndExecuteCore(IAsyncResult asyncResult)
   at System.Web.Mvc.Controller.<BeginExecute>b__15(IAsyncResult asyncResult, Controller controller)
   at System.Web.Mvc.Async.AsyncResultWrapper.WrappedAsyncVoid`1.CallEndDelegate(IAsyncResult asyncResult)
   at System.Web.Mvc.Async.AsyncResultWrapper.WrappedAsyncResultBase`1.End()
   at System.Web.Mvc.Controller.EndExecute(IAsyncResult asyncResult)
   at System.Web.Mvc.Controller.System.Web.Mvc.Async.IAsyncController.EndExecute(IAsyncResult asyncResult)
   at System.Web.Mvc.MvcHandler.<BeginProcessRequest>b__5(IAsyncResult asyncResult, ProcessRequestState innerState)
   at System.Web.Mvc.Async.AsyncResultWrapper.WrappedAsyncVoid`1.CallEndDelegate(IAsyncResult asyncResult)
   at System.Web.Mvc.Async.AsyncResultWrapper.WrappedAsyncResultBase`1.End()
   at System.Web.Mvc.MvcHandler.EndProcessRequest(IAsyncResult asyncResult)
   at System.Web.Mvc.MvcHandler.System.Web.IHttpAsyncHandler.EndProcessRequest(IAsyncResult result)
   at System.Web.HttpApplication.CallHandlerExecutionStep.System.Web.HttpApplication.IExecutionStep.Execute()
   at System.Web.HttpApplication.ExecuteStepImpl(IExecutionStep step)
   at System.Web.HttpApplication.ExecuteStep(IExecutionStep step, Boolean& completedSynchronously)
2020-08-01 16:47:49,532 [7] ERROR EPiServer.Find.Cms.ContentEventIndexer: An exception occurred while indexing (IContent). The remote name could not be resolved: 'your_uri'.
System.Net.WebException: The remote name could not be resolved: 'your_uri'
   at System.Net.HttpWebRequest.GetRequestStream(TransportContext& context)
   at System.Net.HttpWebRequest.GetRequestStream()
   at EPiServer.Find.Connection.JsonRequest.GetRequestStream(Int64 contentLength)
   at EPiServer.Find.Json.Serializer.SerializeObjectsToJsonRequest(JsonSerializer serializer, IJsonRequest jsonRequest, IEnumerable values)
   at EPiServer.Find.Api.BulkCommand.Execute(List`1& serializationFailures)
   at EPiServer.Find.Api.BulkCommand.Execute()
   at EPiServer.Find.Client.Index(IEnumerable objectsToIndex, Boolean deleteLanguageRoutingDuplicatesOnIndex)
   at EPiServer.Find.Cms.ContentIndexer.IndexWithRetry(IContent[] contents, Int32 maxRetries, Boolean deleteLanguageRoutingDuplicatesOnIndex)
   at EPiServer.Find.Cms.ContentIndexer.Index(IEnumerable`1 contents, IndexOptions options)
   at EPiServer.Find.Cms.ContentEventIndexer.Index(IEnumerable`1 contentLinks)
   at EPiServer.Find.Cms.ContentEventIndexer.<>c__DisplayClass25_0.<IndexPageQueue>b__0()
   at EPiServer.Find.Cms.ContentEventIndexer.Sync(IEnumerable`1 contentToIndex, HashSet`1 contentToIndexSet, Func`1 index)
   at EPiServer.Find.Cms.ContentEventIndexer.IndexPageQueue(IEnumerable`1 contentToIndex)
   at EPiServer.Find.Cms.ContentEventIndexer.IndexPageQueue()
System.Net.WebException: The remote name could not be resolved: 'your_uri'
   at System.Net.HttpWebRequest.GetRequestStream(TransportContext& context)
   at System.Net.HttpWebRequest.GetRequestStream()
   at EPiServer.Find.Connection.JsonRequest.GetRequestStream(Int64 contentLength)
   at EPiServer.Find.Json.Serializer.SerializeObjectsToJsonRequest(JsonSerializer serializer, IJsonRequest jsonRequest, IEnumerable values)
   at EPiServer.Find.Api.BulkCommand.Execute(List`1& serializationFailures)
   at EPiServer.Find.Api.BulkCommand.Execute()
   at EPiServer.Find.Client.Index(IEnumerable objectsToIndex, Boolean deleteLanguageRoutingDuplicatesOnIndex)
   at EPiServer.Find.Cms.ContentIndexer.IndexWithRetry(IContent[] contents, Int32 maxRetries, Boolean deleteLanguageRoutingDuplicatesOnIndex)
   at EPiServer.Find.Cms.ContentIndexer.Index(IEnumerable`1 contents, IndexOptions options)
   at EPiServer.Find.Cms.ContentEventIndexer.Index(IEnumerable`1 contentLinks)
   at EPiServer.Find.Cms.ContentEventIndexer.<>c__DisplayClass25_0.<IndexPageQueue>b__0()
   at EPiServer.Find.Cms.ContentEventIndexer.Sync(IEnumerable`1 contentToIndex, HashSet`1 contentToIndexSet, Func`1 index)
   at EPiServer.Find.Cms.ContentEventIndexer.IndexPageQueue(IEnumerable`1 contentToIndex)
   at EPiServer.Find.Cms.ContentEventIndexer.IndexPageQueue()
2020-08-01 16:51:00,321 [58] ERROR EPiServer.Global: Unhandled exception in ASP.NET
System.Web.HttpCompileException (0x80004005): y:\Microsoft Visual Studio\repos\Epi_MediumPage\Views\MediumPage\Index.cshtml(7): error CS1061: 'Epi_MediumPage.Models.ViewModels.PageViewModel<Epi_MediumPage.Models.Pages.MediumPage>' does not contain a definition for 'MainBody' and no extension method 'MainBody' accepting a first argument of type 'Epi_MediumPage.Models.ViewModels.PageViewModel<Epi_MediumPage.Models.Pages.MediumPage>' could be found (are you missing a using directive or an assembly reference?)
   at System.Web.Compilation.AssemblyBuilder.Compile()
   at System.Web.Compilation.BuildProvidersCompiler.PerformBuild()
   at System.Web.Compilation.BuildManager.CompileWebFile(VirtualPath virtualPath)
   at System.Web.Compilation.BuildManager.GetVPathBuildResultInternal(VirtualPath virtualPath, Boolean noBuild, Boolean allowCrossApp, Boolean allowBuildInPrecompile, Boolean throwIfNotFound, Boolean ensureIsUpToDate)
   at System.Web.Compilation.BuildManager.GetVPathBuildResultWithNoAssert(HttpContext context, VirtualPath virtualPath, Boolean noBuild, Boolean allowCrossApp, Boolean allowBuildInPrecompile, Boolean throwIfNotFound, Boolean ensureIsUpToDate)
   at System.Web.Compilation.BuildManager.GetVirtualPathObjectFactory(VirtualPath virtualPath, HttpContext context, Boolean allowCrossApp, Boolean throwIfNotFound)
   at System.Web.Compilation.BuildManager.GetCompiledType(VirtualPath virtualPath)
   at System.Web.Compilation.BuildManager.GetCompiledType(String virtualPath)
   at System.Web.Mvc.BuildManagerWrapper.System.Web.Mvc.IBuildManager.GetCompiledType(String virtualPath)
   at System.Web.Mvc.BuildManagerCompiledView.Render(ViewContext viewContext, TextWriter writer)
   at System.Web.Mvc.ViewResultBase.ExecuteResult(ControllerContext context)
   at System.Web.Mvc.ControllerActionInvoker.InvokeActionResult(ControllerContext controllerContext, ActionResult actionResult)
   at System.Web.Mvc.ControllerActionInvoker.InvokeActionResultFilterRecursive(IList`1 filters, Int32 filterIndex, ResultExecutingContext preContext, ControllerContext controllerContext, ActionResult actionResult)
   at System.Web.Mvc.ControllerActionInvoker.InvokeActionResultFilterRecursive(IList`1 filters, Int32 filterIndex, ResultExecutingContext preContext, ControllerContext controllerContext, ActionResult actionResult)
   at System.Web.Mvc.ControllerActionInvoker.InvokeActionResultFilterRecursive(IList`1 filters, Int32 filterIndex, ResultExecutingContext preContext, ControllerContext controllerContext, ActionResult actionResult)
   at System.Web.Mvc.ControllerActionInvoker.InvokeActionResultFilterRecursive(IList`1 filters, Int32 filterIndex, ResultExecutingContext preContext, ControllerContext controllerContext, ActionResult actionResult)
   at System.Web.Mvc.ControllerActionInvoker.InvokeActionResultFilterRecursive(IList`1 filters, Int32 filterIndex, ResultExecutingContext preContext, ControllerContext controllerContext, ActionResult actionResult)
   at System.Web.Mvc.ControllerActionInvoker.InvokeActionResultFilterRecursive(IList`1 filters, Int32 filterIndex, ResultExecutingContext preContext, ControllerContext controllerContext, ActionResult actionResult)
   at System.Web.Mvc.ControllerActionInvoker.InvokeActionResultFilterRecursive(IList`1 filters, Int32 filterIndex, ResultExecutingContext preContext, ControllerContext controllerContext, ActionResult actionResult)
   at System.Web.Mvc.ControllerActionInvoker.InvokeActionResultFilterRecursive(IList`1 filters, Int32 filterIndex, ResultExecutingContext preContext, ControllerContext controllerContext, ActionResult actionResult)
   at System.Web.Mvc.ControllerActionInvoker.InvokeActionResultFilterRecursive(IList`1 filters, Int32 filterIndex, ResultExecutingContext preContext, ControllerContext controllerContext, ActionResult actionResult)
   at System.Web.Mvc.ControllerActionInvoker.InvokeActionResultWithFilters(ControllerContext controllerContext, IList`1 filters, ActionResult actionResult)
   at System.Web.Mvc.Async.AsyncControllerActionInvoker.<>c__DisplayClass21.<>c__DisplayClass2b.<BeginInvokeAction>b__1c()
   at System.Web.Mvc.Async.AsyncControllerActionInvoker.<>c__DisplayClass21.<BeginInvokeAction>b__1e(IAsyncResult asyncResult)
   at System.Web.Mvc.Async.AsyncResultWrapper.WrappedAsyncResult`1.CallEndDelegate(IAsyncResult asyncResult)
   at System.Web.Mvc.Async.AsyncResultWrapper.WrappedAsyncResultBase`1.End()
   at System.Web.Mvc.Async.AsyncControllerActionInvoker.EndInvokeAction(IAsyncResult asyncResult)
   at System.Web.Mvc.Controller.<BeginExecuteCore>b__1d(IAsyncResult asyncResult, ExecuteCoreState innerState)
   at System.Web.Mvc.Async.AsyncResultWrapper.WrappedAsyncVoid`1.CallEndDelegate(IAsyncResult asyncResult)
   at System.Web.Mvc.Async.AsyncResultWrapper.WrappedAsyncResultBase`1.End()
   at System.Web.Mvc.Controller.EndExecuteCore(IAsyncResult asyncResult)
   at System.Web.Mvc.Controller.<BeginExecute>b__15(IAsyncResult asyncResult, Controller controller)
   at System.Web.Mvc.Async.AsyncResultWrapper.WrappedAsyncVoid`1.CallEndDelegate(IAsyncResult asyncResult)
   at System.Web.Mvc.Async.AsyncResultWrapper.WrappedAsyncResultBase`1.End()
   at System.Web.Mvc.Controller.EndExecute(IAsyncResult asyncResult)
   at System.Web.Mvc.Controller.System.Web.Mvc.Async.IAsyncController.EndExecute(IAsyncResult asyncResult)
   at System.Web.Mvc.MvcHandler.<BeginProcessRequest>b__5(IAsyncResult asyncResult, ProcessRequestState innerState)
   at System.Web.Mvc.Async.AsyncResultWrapper.WrappedAsyncVoid`1.CallEndDelegate(IAsyncResult asyncResult)
   at System.Web.Mvc.Async.AsyncResultWrapper.WrappedAsyncResultBase`1.End()
   at System.Web.Mvc.MvcHandler.EndProcessRequest(IAsyncResult asyncResult)
   at System.Web.Mvc.MvcHandler.System.Web.IHttpAsyncHandler.EndProcessRequest(IAsyncResult result)
   at System.Web.HttpApplication.CallHandlerExecutionStep.System.Web.HttpApplication.IExecutionStep.Execute()
   at System.Web.HttpApplication.ExecuteStepImpl(IExecutionStep step)
   at System.Web.HttpApplication.ExecuteStep(IExecutionStep step, Boolean& completedSynchronously)
System.Web.HttpCompileException (0x80004005): y:\Microsoft Visual Studio\repos\Epi_MediumPage\Views\MediumPage\Index.cshtml(7): error CS1061: 'Epi_MediumPage.Models.ViewModels.PageViewModel<Epi_MediumPage.Models.Pages.MediumPage>' does not contain a definition for 'MainBody' and no extension method 'MainBody' accepting a first argument of type 'Epi_MediumPage.Models.ViewModels.PageViewModel<Epi_MediumPage.Models.Pages.MediumPage>' could be found (are you missing a using directive or an assembly reference?)
   at System.Web.Compilation.AssemblyBuilder.Compile()
   at System.Web.Compilation.BuildProvidersCompiler.PerformBuild()
   at System.Web.Compilation.BuildManager.CompileWebFile(VirtualPath virtualPath)
   at System.Web.Compilation.BuildManager.GetVPathBuildResultInternal(VirtualPath virtualPath, Boolean noBuild, Boolean allowCrossApp, Boolean allowBuildInPrecompile, Boolean throwIfNotFound, Boolean ensureIsUpToDate)
   at System.Web.Compilation.BuildManager.GetVPathBuildResultWithNoAssert(HttpContext context, VirtualPath virtualPath, Boolean noBuild, Boolean allowCrossApp, Boolean allowBuildInPrecompile, Boolean throwIfNotFound, Boolean ensureIsUpToDate)
   at System.Web.Compilation.BuildManager.GetVirtualPathObjectFactory(VirtualPath virtualPath, HttpContext context, Boolean allowCrossApp, Boolean throwIfNotFound)
   at System.Web.Compilation.BuildManager.GetCompiledType(VirtualPath virtualPath)
   at System.Web.Compilation.BuildManager.GetCompiledType(String virtualPath)
   at System.Web.Mvc.BuildManagerWrapper.System.Web.Mvc.IBuildManager.GetCompiledType(String virtualPath)
   at System.Web.Mvc.BuildManagerCompiledView.Render(ViewContext viewContext, TextWriter writer)
   at System.Web.Mvc.ViewResultBase.ExecuteResult(ControllerContext context)
   at System.Web.Mvc.ControllerActionInvoker.InvokeActionResult(ControllerContext controllerContext, ActionResult actionResult)
   at System.Web.Mvc.ControllerActionInvoker.InvokeActionResultFilterRecursive(IList`1 filters, Int32 filterIndex, ResultExecutingContext preContext, ControllerContext controllerContext, ActionResult actionResult)
   at System.Web.Mvc.ControllerActionInvoker.InvokeActionResultFilterRecursive(IList`1 filters, Int32 filterIndex, ResultExecutingContext preContext, ControllerContext controllerContext, ActionResult actionResult)
   at System.Web.Mvc.ControllerActionInvoker.InvokeActionResultFilterRecursive(IList`1 filters, Int32 filterIndex, ResultExecutingContext preContext, ControllerContext controllerContext, ActionResult actionResult)
   at System.Web.Mvc.ControllerActionInvoker.InvokeActionResultFilterRecursive(IList`1 filters, Int32 filterIndex, ResultExecutingContext preContext, ControllerContext controllerContext, ActionResult actionResult)
   at System.Web.Mvc.ControllerActionInvoker.InvokeActionResultFilterRecursive(IList`1 filters, Int32 filterIndex, ResultExecutingContext preContext, ControllerContext controllerContext, ActionResult actionResult)
   at System.Web.Mvc.ControllerActionInvoker.InvokeActionResultFilterRecursive(IList`1 filters, Int32 filterIndex, ResultExecutingContext preContext, ControllerContext controllerContext, ActionResult actionResult)
   at System.Web.Mvc.ControllerActionInvoker.InvokeActionResultFilterRecursive(IList`1 filters, Int32 filterIndex, ResultExecutingContext preContext, ControllerContext controllerContext, ActionResult actionResult)
   at System.Web.Mvc.ControllerActionInvoker.InvokeActionResultFilterRecursive(IList`1 filters, Int32 filterIndex, ResultExecutingContext preContext, ControllerContext controllerContext, ActionResult actionResult)
   at System.Web.Mvc.ControllerActionInvoker.InvokeActionResultFilterRecursive(IList`1 filters, Int32 filterIndex, ResultExecutingContext preContext, ControllerContext controllerContext, ActionResult actionResult)
   at System.Web.Mvc.ControllerActionInvoker.InvokeActionResultWithFilters(ControllerContext controllerContext, IList`1 filters, ActionResult actionResult)
   at System.Web.Mvc.Async.AsyncControllerActionInvoker.<>c__DisplayClass21.<>c__DisplayClass2b.<BeginInvokeAction>b__1c()
   at System.Web.Mvc.Async.AsyncControllerActionInvoker.<>c__DisplayClass21.<BeginInvokeAction>b__1e(IAsyncResult asyncResult)
   at System.Web.Mvc.Async.AsyncResultWrapper.WrappedAsyncResult`1.CallEndDelegate(IAsyncResult asyncResult)
   at System.Web.Mvc.Async.AsyncResultWrapper.WrappedAsyncResultBase`1.End()
   at System.Web.Mvc.Async.AsyncControllerActionInvoker.EndInvokeAction(IAsyncResult asyncResult)
   at System.Web.Mvc.Controller.<BeginExecuteCore>b__1d(IAsyncResult asyncResult, ExecuteCoreState innerState)
   at System.Web.Mvc.Async.AsyncResultWrapper.WrappedAsyncVoid`1.CallEndDelegate(IAsyncResult asyncResult)
   at System.Web.Mvc.Async.AsyncResultWrapper.WrappedAsyncResultBase`1.End()
   at System.Web.Mvc.Controller.EndExecuteCore(IAsyncResult asyncResult)
   at System.Web.Mvc.Controller.<BeginExecute>b__15(IAsyncResult asyncResult, Controller controller)
   at System.Web.Mvc.Async.AsyncResultWrapper.WrappedAsyncVoid`1.CallEndDelegate(IAsyncResult asyncResult)
   at System.Web.Mvc.Async.AsyncResultWrapper.WrappedAsyncResultBase`1.End()
   at System.Web.Mvc.Controller.EndExecute(IAsyncResult asyncResult)
   at System.Web.Mvc.Controller.System.Web.Mvc.Async.IAsyncController.EndExecute(IAsyncResult asyncResult)
   at System.Web.Mvc.MvcHandler.<BeginProcessRequest>b__5(IAsyncResult asyncResult, ProcessRequestState innerState)
   at System.Web.Mvc.Async.AsyncResultWrapper.WrappedAsyncVoid`1.CallEndDelegate(IAsyncResult asyncResult)
   at System.Web.Mvc.Async.AsyncResultWrapper.WrappedAsyncResultBase`1.End()
   at System.Web.Mvc.MvcHandler.EndProcessRequest(IAsyncResult asyncResult)
   at System.Web.Mvc.MvcHandler.System.Web.IHttpAsyncHandler.EndProcessRequest(IAsyncResult result)
   at System.Web.HttpApplication.CallHandlerExecutionStep.System.Web.HttpApplication.IExecutionStep.Execute()
   at System.Web.HttpApplication.ExecuteStepImpl(IExecutionStep step)
   at System.Web.HttpApplication.ExecuteStep(IExecutionStep step, Boolean& completedSynchronously)
2020-08-01 17:09:01,392 [7] ERROR EPiServer.Find.Cms.ContentEventIndexer: An exception occurred while indexing (IContent). The remote name could not be resolved: 'your_uri'.
System.Net.WebException: The remote name could not be resolved: 'your_uri'
   at System.Net.HttpWebRequest.GetRequestStream(TransportContext& context)
   at System.Net.HttpWebRequest.GetRequestStream()
   at EPiServer.Find.Connection.JsonRequest.GetRequestStream(Int64 contentLength)
   at EPiServer.Find.Json.Serializer.SerializeObjectsToJsonRequest(JsonSerializer serializer, IJsonRequest jsonRequest, IEnumerable values)
   at EPiServer.Find.Api.BulkCommand.Execute(List`1& serializationFailures)
   at EPiServer.Find.Api.BulkCommand.Execute()
   at EPiServer.Find.Client.Index(IEnumerable objectsToIndex, Boolean deleteLanguageRoutingDuplicatesOnIndex)
   at EPiServer.Find.Cms.ContentIndexer.IndexWithRetry(IContent[] contents, Int32 maxRetries, Boolean deleteLanguageRoutingDuplicatesOnIndex)
   at EPiServer.Find.Cms.ContentIndexer.Index(IEnumerable`1 contents, IndexOptions options)
   at EPiServer.Find.Cms.ContentEventIndexer.Index(IEnumerable`1 contentLinks)
   at EPiServer.Find.Cms.ContentEventIndexer.<>c__DisplayClass25_0.<IndexPageQueue>b__0()
   at EPiServer.Find.Cms.ContentEventIndexer.Sync(IEnumerable`1 contentToIndex, HashSet`1 contentToIndexSet, Func`1 index)
   at EPiServer.Find.Cms.ContentEventIndexer.IndexPageQueue(IEnumerable`1 contentToIndex)
   at EPiServer.Find.Cms.ContentEventIndexer.IndexPageQueue()
System.Net.WebException: The remote name could not be resolved: 'your_uri'
   at System.Net.HttpWebRequest.GetRequestStream(TransportContext& context)
   at System.Net.HttpWebRequest.GetRequestStream()
   at EPiServer.Find.Connection.JsonRequest.GetRequestStream(Int64 contentLength)
   at EPiServer.Find.Json.Serializer.SerializeObjectsToJsonRequest(JsonSerializer serializer, IJsonRequest jsonRequest, IEnumerable values)
   at EPiServer.Find.Api.BulkCommand.Execute(List`1& serializationFailures)
   at EPiServer.Find.Api.BulkCommand.Execute()
   at EPiServer.Find.Client.Index(IEnumerable objectsToIndex, Boolean deleteLanguageRoutingDuplicatesOnIndex)
   at EPiServer.Find.Cms.ContentIndexer.IndexWithRetry(IContent[] contents, Int32 maxRetries, Boolean deleteLanguageRoutingDuplicatesOnIndex)
   at EPiServer.Find.Cms.ContentIndexer.Index(IEnumerable`1 contents, IndexOptions options)
   at EPiServer.Find.Cms.ContentEventIndexer.Index(IEnumerable`1 contentLinks)
   at EPiServer.Find.Cms.ContentEventIndexer.<>c__DisplayClass25_0.<IndexPageQueue>b__0()
   at EPiServer.Find.Cms.ContentEventIndexer.Sync(IEnumerable`1 contentToIndex, HashSet`1 contentToIndexSet, Func`1 index)
   at EPiServer.Find.Cms.ContentEventIndexer.IndexPageQueue(IEnumerable`1 contentToIndex)
   at EPiServer.Find.Cms.ContentEventIndexer.IndexPageQueue()
2020-08-01 17:56:11,175 [6] ERROR EPiServer.Find.Cms.CmsUnifiedSearchSetUp: IAttachmentHelper can not be initiated.
2020-08-01 17:56:13,448 [6] ERROR EPiServer.Find.Cms.ContentEventIndexer: An exception occurred while indexing (IContent). The remote name could not be resolved: 'your_uri'.
System.Net.WebException: The remote name could not be resolved: 'your_uri'
   at System.Net.HttpWebRequest.GetRequestStream(TransportContext& context)
   at System.Net.HttpWebRequest.GetRequestStream()
   at EPiServer.Find.Connection.JsonRequest.GetRequestStream(Int64 contentLength)
   at EPiServer.Find.Json.Serializer.SerializeObjectsToJsonRequest(JsonSerializer serializer, IJsonRequest jsonRequest, IEnumerable values)
   at EPiServer.Find.Api.BulkCommand.Execute(List`1& serializationFailures)
   at EPiServer.Find.Api.BulkCommand.Execute()
   at EPiServer.Find.Client.Index(IEnumerable objectsToIndex, Boolean deleteLanguageRoutingDuplicatesOnIndex)
   at EPiServer.Find.Cms.ContentIndexer.IndexWithRetry(IContent[] contents, Int32 maxRetries, Boolean deleteLanguageRoutingDuplicatesOnIndex)
   at EPiServer.Find.Cms.ContentIndexer.Index(IEnumerable`1 contents, IndexOptions options)
   at EPiServer.Find.Cms.ContentIndexer.IndexFrom(ContentReference contentLink, Boolean includeRootPage, IndexOptions indexOptions)
   at EPiServer.Find.Cms.ContentEventIndexer.<>c__DisplayClass25_1.<IndexPageQueue>b__2()
   at EPiServer.Find.Cms.ContentEventIndexer.Sync(IEnumerable`1 contentToIndex, HashSet`1 contentToIndexSet, Func`1 index)
   at EPiServer.Find.Cms.ContentEventIndexer.IndexPageQueue(IEnumerable`1 contentToIndex)
   at EPiServer.Find.Cms.ContentEventIndexer.IndexPageQueue()
System.Net.WebException: The remote name could not be resolved: 'your_uri'
   at System.Net.HttpWebRequest.GetRequestStream(TransportContext& context)
   at System.Net.HttpWebRequest.GetRequestStream()
   at EPiServer.Find.Connection.JsonRequest.GetRequestStream(Int64 contentLength)
   at EPiServer.Find.Json.Serializer.SerializeObjectsToJsonRequest(JsonSerializer serializer, IJsonRequest jsonRequest, IEnumerable values)
   at EPiServer.Find.Api.BulkCommand.Execute(List`1& serializationFailures)
   at EPiServer.Find.Api.BulkCommand.Execute()
   at EPiServer.Find.Client.Index(IEnumerable objectsToIndex, Boolean deleteLanguageRoutingDuplicatesOnIndex)
   at EPiServer.Find.Cms.ContentIndexer.IndexWithRetry(IContent[] contents, Int32 maxRetries, Boolean deleteLanguageRoutingDuplicatesOnIndex)
   at EPiServer.Find.Cms.ContentIndexer.Index(IEnumerable`1 contents, IndexOptions options)
   at EPiServer.Find.Cms.ContentIndexer.IndexFrom(ContentReference contentLink, Boolean includeRootPage, IndexOptions indexOptions)
   at EPiServer.Find.Cms.ContentEventIndexer.<>c__DisplayClass25_1.<IndexPageQueue>b__2()
   at EPiServer.Find.Cms.ContentEventIndexer.Sync(IEnumerable`1 contentToIndex, HashSet`1 contentToIndexSet, Func`1 index)
   at EPiServer.Find.Cms.ContentEventIndexer.IndexPageQueue(IEnumerable`1 contentToIndex)
   at EPiServer.Find.Cms.ContentEventIndexer.IndexPageQueue()
2020-08-01 17:57:34,428 [193] ERROR EPiServer.Global: Unhandled exception in ASP.NET
System.Web.HttpCompileException (0x80004005): y:\Microsoft Visual Studio\repos\Epi_MediumPage\Views\MediumPage\Index.cshtml(15): error CS0103: The name 'Global' does not exist in the current context
   at System.Web.Compilation.AssemblyBuilder.Compile()
   at System.Web.Compilation.BuildProvidersCompiler.PerformBuild()
   at System.Web.Compilation.BuildManager.CompileWebFile(VirtualPath virtualPath)
   at System.Web.Compilation.BuildManager.GetVPathBuildResultInternal(VirtualPath virtualPath, Boolean noBuild, Boolean allowCrossApp, Boolean allowBuildInPrecompile, Boolean throwIfNotFound, Boolean ensureIsUpToDate)
   at System.Web.Compilation.BuildManager.GetVPathBuildResultWithNoAssert(HttpContext context, VirtualPath virtualPath, Boolean noBuild, Boolean allowCrossApp, Boolean allowBuildInPrecompile, Boolean throwIfNotFound, Boolean ensureIsUpToDate)
   at System.Web.Compilation.BuildManager.GetVirtualPathObjectFactory(VirtualPath virtualPath, HttpContext context, Boolean allowCrossApp, Boolean throwIfNotFound)
   at System.Web.Compilation.BuildManager.GetCompiledType(VirtualPath virtualPath)
   at System.Web.Compilation.BuildManager.GetCompiledType(String virtualPath)
   at System.Web.Mvc.BuildManagerWrapper.System.Web.Mvc.IBuildManager.GetCompiledType(String virtualPath)
   at System.Web.Mvc.BuildManagerCompiledView.Render(ViewContext viewContext, TextWriter writer)
   at System.Web.Mvc.ViewResultBase.ExecuteResult(ControllerContext context)
   at System.Web.Mvc.ControllerActionInvoker.InvokeActionResult(ControllerContext controllerContext, ActionResult actionResult)
   at System.Web.Mvc.ControllerActionInvoker.InvokeActionResultFilterRecursive(IList`1 filters, Int32 filterIndex, ResultExecutingContext preContext, ControllerContext controllerContext, ActionResult actionResult)
   at System.Web.Mvc.ControllerActionInvoker.InvokeActionResultFilterRecursive(IList`1 filters, Int32 filterIndex, ResultExecutingContext preContext, ControllerContext controllerContext, ActionResult actionResult)
   at System.Web.Mvc.ControllerActionInvoker.InvokeActionResultFilterRecursive(IList`1 filters, Int32 filterIndex, ResultExecutingContext preContext, ControllerContext controllerContext, ActionResult actionResult)
   at System.Web.Mvc.ControllerActionInvoker.InvokeActionResultFilterRecursive(IList`1 filters, Int32 filterIndex, ResultExecutingContext preContext, ControllerContext controllerContext, ActionResult actionResult)
   at System.Web.Mvc.ControllerActionInvoker.InvokeActionResultFilterRecursive(IList`1 filters, Int32 filterIndex, ResultExecutingContext preContext, ControllerContext controllerContext, ActionResult actionResult)
   at System.Web.Mvc.ControllerActionInvoker.InvokeActionResultFilterRecursive(IList`1 filters, Int32 filterIndex, ResultExecutingContext preContext, ControllerContext controllerContext, ActionResult actionResult)
   at System.Web.Mvc.ControllerActionInvoker.InvokeActionResultFilterRecursive(IList`1 filters, Int32 filterIndex, ResultExecutingContext preContext, ControllerContext controllerContext, ActionResult actionResult)
   at System.Web.Mvc.ControllerActionInvoker.InvokeActionResultFilterRecursive(IList`1 filters, Int32 filterIndex, ResultExecutingContext preContext, ControllerContext controllerContext, ActionResult actionResult)
   at System.Web.Mvc.ControllerActionInvoker.InvokeActionResultFilterRecursive(IList`1 filters, Int32 filterIndex, ResultExecutingContext preContext, ControllerContext controllerContext, ActionResult actionResult)
   at System.Web.Mvc.ControllerActionInvoker.InvokeActionResultWithFilters(ControllerContext controllerContext, IList`1 filters, ActionResult actionResult)
   at System.Web.Mvc.Async.AsyncControllerActionInvoker.<>c__DisplayClass21.<>c__DisplayClass2b.<BeginInvokeAction>b__1c()
   at System.Web.Mvc.Async.AsyncControllerActionInvoker.<>c__DisplayClass21.<BeginInvokeAction>b__1e(IAsyncResult asyncResult)
   at System.Web.Mvc.Async.AsyncResultWrapper.WrappedAsyncResult`1.CallEndDelegate(IAsyncResult asyncResult)
   at System.Web.Mvc.Async.AsyncResultWrapper.WrappedAsyncResultBase`1.End()
   at System.Web.Mvc.Async.AsyncControllerActionInvoker.EndInvokeAction(IAsyncResult asyncResult)
   at System.Web.Mvc.Controller.<BeginExecuteCore>b__1d(IAsyncResult asyncResult, ExecuteCoreState innerState)
   at System.Web.Mvc.Async.AsyncResultWrapper.WrappedAsyncVoid`1.CallEndDelegate(IAsyncResult asyncResult)
   at System.Web.Mvc.Async.AsyncResultWrapper.WrappedAsyncResultBase`1.End()
   at System.Web.Mvc.Controller.EndExecuteCore(IAsyncResult asyncResult)
   at System.Web.Mvc.Controller.<BeginExecute>b__15(IAsyncResult asyncResult, Controller controller)
   at System.Web.Mvc.Async.AsyncResultWrapper.WrappedAsyncVoid`1.CallEndDelegate(IAsyncResult asyncResult)
   at System.Web.Mvc.Async.AsyncResultWrapper.WrappedAsyncResultBase`1.End()
   at System.Web.Mvc.Controller.EndExecute(IAsyncResult asyncResult)
   at System.Web.Mvc.Controller.System.Web.Mvc.Async.IAsyncController.EndExecute(IAsyncResult asyncResult)
   at System.Web.Mvc.MvcHandler.<BeginProcessRequest>b__5(IAsyncResult asyncResult, ProcessRequestState innerState)
   at System.Web.Mvc.Async.AsyncResultWrapper.WrappedAsyncVoid`1.CallEndDelegate(IAsyncResult asyncResult)
   at System.Web.Mvc.Async.AsyncResultWrapper.WrappedAsyncResultBase`1.End()
   at System.Web.Mvc.MvcHandler.EndProcessRequest(IAsyncResult asyncResult)
   at System.Web.Mvc.MvcHandler.System.Web.IHttpAsyncHandler.EndProcessRequest(IAsyncResult result)
   at System.Web.HttpApplication.CallHandlerExecutionStep.System.Web.HttpApplication.IExecutionStep.Execute()
   at System.Web.HttpApplication.ExecuteStepImpl(IExecutionStep step)
   at System.Web.HttpApplication.ExecuteStep(IExecutionStep step, Boolean& completedSynchronously)
System.Web.HttpCompileException (0x80004005): y:\Microsoft Visual Studio\repos\Epi_MediumPage\Views\MediumPage\Index.cshtml(15): error CS0103: The name 'Global' does not exist in the current context
   at System.Web.Compilation.AssemblyBuilder.Compile()
   at System.Web.Compilation.BuildProvidersCompiler.PerformBuild()
   at System.Web.Compilation.BuildManager.CompileWebFile(VirtualPath virtualPath)
   at System.Web.Compilation.BuildManager.GetVPathBuildResultInternal(VirtualPath virtualPath, Boolean noBuild, Boolean allowCrossApp, Boolean allowBuildInPrecompile, Boolean throwIfNotFound, Boolean ensureIsUpToDate)
   at System.Web.Compilation.BuildManager.GetVPathBuildResultWithNoAssert(HttpContext context, VirtualPath virtualPath, Boolean noBuild, Boolean allowCrossApp, Boolean allowBuildInPrecompile, Boolean throwIfNotFound, Boolean ensureIsUpToDate)
   at System.Web.Compilation.BuildManager.GetVirtualPathObjectFactory(VirtualPath virtualPath, HttpContext context, Boolean allowCrossApp, Boolean throwIfNotFound)
   at System.Web.Compilation.BuildManager.GetCompiledType(VirtualPath virtualPath)
   at System.Web.Compilation.BuildManager.GetCompiledType(String virtualPath)
   at System.Web.Mvc.BuildManagerWrapper.System.Web.Mvc.IBuildManager.GetCompiledType(String virtualPath)
   at System.Web.Mvc.BuildManagerCompiledView.Render(ViewContext viewContext, TextWriter writer)
   at System.Web.Mvc.ViewResultBase.ExecuteResult(ControllerContext context)
   at System.Web.Mvc.ControllerActionInvoker.InvokeActionResult(ControllerContext controllerContext, ActionResult actionResult)
   at System.Web.Mvc.ControllerActionInvoker.InvokeActionResultFilterRecursive(IList`1 filters, Int32 filterIndex, ResultExecutingContext preContext, ControllerContext controllerContext, ActionResult actionResult)
   at System.Web.Mvc.ControllerActionInvoker.InvokeActionResultFilterRecursive(IList`1 filters, Int32 filterIndex, ResultExecutingContext preContext, ControllerContext controllerContext, ActionResult actionResult)
   at System.Web.Mvc.ControllerActionInvoker.InvokeActionResultFilterRecursive(IList`1 filters, Int32 filterIndex, ResultExecutingContext preContext, ControllerContext controllerContext, ActionResult actionResult)
   at System.Web.Mvc.ControllerActionInvoker.InvokeActionResultFilterRecursive(IList`1 filters, Int32 filterIndex, ResultExecutingContext preContext, ControllerContext controllerContext, ActionResult actionResult)
   at System.Web.Mvc.ControllerActionInvoker.InvokeActionResultFilterRecursive(IList`1 filters, Int32 filterIndex, ResultExecutingContext preContext, ControllerContext controllerContext, ActionResult actionResult)
   at System.Web.Mvc.ControllerActionInvoker.InvokeActionResultFilterRecursive(IList`1 filters, Int32 filterIndex, ResultExecutingContext preContext, ControllerContext controllerContext, ActionResult actionResult)
   at System.Web.Mvc.ControllerActionInvoker.InvokeActionResultFilterRecursive(IList`1 filters, Int32 filterIndex, ResultExecutingContext preContext, ControllerContext controllerContext, ActionResult actionResult)
   at System.Web.Mvc.ControllerActionInvoker.InvokeActionResultFilterRecursive(IList`1 filters, Int32 filterIndex, ResultExecutingContext preContext, ControllerContext controllerContext, ActionResult actionResult)
   at System.Web.Mvc.ControllerActionInvoker.InvokeActionResultFilterRecursive(IList`1 filters, Int32 filterIndex, ResultExecutingContext preContext, ControllerContext controllerContext, ActionResult actionResult)
   at System.Web.Mvc.ControllerActionInvoker.InvokeActionResultWithFilters(ControllerContext controllerContext, IList`1 filters, ActionResult actionResult)
   at System.Web.Mvc.Async.AsyncControllerActionInvoker.<>c__DisplayClass21.<>c__DisplayClass2b.<BeginInvokeAction>b__1c()
   at System.Web.Mvc.Async.AsyncControllerActionInvoker.<>c__DisplayClass21.<BeginInvokeAction>b__1e(IAsyncResult asyncResult)
   at System.Web.Mvc.Async.AsyncResultWrapper.WrappedAsyncResult`1.CallEndDelegate(IAsyncResult asyncResult)
   at System.Web.Mvc.Async.AsyncResultWrapper.WrappedAsyncResultBase`1.End()
   at System.Web.Mvc.Async.AsyncControllerActionInvoker.EndInvokeAction(IAsyncResult asyncResult)
   at System.Web.Mvc.Controller.<BeginExecuteCore>b__1d(IAsyncResult asyncResult, ExecuteCoreState innerState)
   at System.Web.Mvc.Async.AsyncResultWrapper.WrappedAsyncVoid`1.CallEndDelegate(IAsyncResult asyncResult)
   at System.Web.Mvc.Async.AsyncResultWrapper.WrappedAsyncResultBase`1.End()
   at System.Web.Mvc.Controller.EndExecuteCore(IAsyncResult asyncResult)
   at System.Web.Mvc.Controller.<BeginExecute>b__15(IAsyncResult asyncResult, Controller controller)
   at System.Web.Mvc.Async.AsyncResultWrapper.WrappedAsyncVoid`1.CallEndDelegate(IAsyncResult asyncResult)
   at System.Web.Mvc.Async.AsyncResultWrapper.WrappedAsyncResultBase`1.End()
   at System.Web.Mvc.Controller.EndExecute(IAsyncResult asyncResult)
   at System.Web.Mvc.Controller.System.Web.Mvc.Async.IAsyncController.EndExecute(IAsyncResult asyncResult)
   at System.Web.Mvc.MvcHandler.<BeginProcessRequest>b__5(IAsyncResult asyncResult, ProcessRequestState innerState)
   at System.Web.Mvc.Async.AsyncResultWrapper.WrappedAsyncVoid`1.CallEndDelegate(IAsyncResult asyncResult)
   at System.Web.Mvc.Async.AsyncResultWrapper.WrappedAsyncResultBase`1.End()
   at System.Web.Mvc.MvcHandler.EndProcessRequest(IAsyncResult asyncResult)
   at System.Web.Mvc.MvcHandler.System.Web.IHttpAsyncHandler.EndProcessRequest(IAsyncResult result)
   at System.Web.HttpApplication.CallHandlerExecutionStep.System.Web.HttpApplication.IExecutionStep.Execute()
   at System.Web.HttpApplication.ExecuteStepImpl(IExecutionStep step)
   at System.Web.HttpApplication.ExecuteStep(IExecutionStep step, Boolean& completedSynchronously)
2020-08-01 23:42:47,785 [234] ERROR EPiServer.Find.Cms.ContentEventIndexer: An exception occurred while indexing (IContent). The remote name could not be resolved: 'your_uri'.
System.Net.WebException: The remote name could not be resolved: 'your_uri'
   at System.Net.HttpWebRequest.GetRequestStream(TransportContext& context)
   at System.Net.HttpWebRequest.GetRequestStream()
   at EPiServer.Find.Connection.JsonRequest.GetRequestStream(Int64 contentLength)
   at EPiServer.Find.Json.Serializer.SerializeObjectsToJsonRequest(JsonSerializer serializer, IJsonRequest jsonRequest, IEnumerable values)
   at EPiServer.Find.Api.BulkCommand.Execute(List`1& serializationFailures)
   at EPiServer.Find.Api.BulkCommand.Execute()
   at EPiServer.Find.Client.Index(IEnumerable objectsToIndex, Boolean deleteLanguageRoutingDuplicatesOnIndex)
   at EPiServer.Find.Cms.ContentIndexer.IndexWithRetry(IContent[] contents, Int32 maxRetries, Boolean deleteLanguageRoutingDuplicatesOnIndex)
   at EPiServer.Find.Cms.ContentIndexer.Index(IEnumerable`1 contents, IndexOptions options)
   at EPiServer.Find.Cms.ContentEventIndexer.Index(IEnumerable`1 contentLinks)
   at EPiServer.Find.Cms.ContentEventIndexer.<>c__DisplayClass25_0.<IndexPageQueue>b__0()
   at EPiServer.Find.Cms.ContentEventIndexer.Sync(IEnumerable`1 contentToIndex, HashSet`1 contentToIndexSet, Func`1 index)
   at EPiServer.Find.Cms.ContentEventIndexer.IndexPageQueue(IEnumerable`1 contentToIndex)
   at EPiServer.Find.Cms.ContentEventIndexer.IndexPageQueue()
System.Net.WebException: The remote name could not be resolved: 'your_uri'
   at System.Net.HttpWebRequest.GetRequestStream(TransportContext& context)
   at System.Net.HttpWebRequest.GetRequestStream()
   at EPiServer.Find.Connection.JsonRequest.GetRequestStream(Int64 contentLength)
   at EPiServer.Find.Json.Serializer.SerializeObjectsToJsonRequest(JsonSerializer serializer, IJsonRequest jsonRequest, IEnumerable values)
   at EPiServer.Find.Api.BulkCommand.Execute(List`1& serializationFailures)
   at EPiServer.Find.Api.BulkCommand.Execute()
   at EPiServer.Find.Client.Index(IEnumerable objectsToIndex, Boolean deleteLanguageRoutingDuplicatesOnIndex)
   at EPiServer.Find.Cms.ContentIndexer.IndexWithRetry(IContent[] contents, Int32 maxRetries, Boolean deleteLanguageRoutingDuplicatesOnIndex)
   at EPiServer.Find.Cms.ContentIndexer.Index(IEnumerable`1 contents, IndexOptions options)
   at EPiServer.Find.Cms.ContentEventIndexer.Index(IEnumerable`1 contentLinks)
   at EPiServer.Find.Cms.ContentEventIndexer.<>c__DisplayClass25_0.<IndexPageQueue>b__0()
   at EPiServer.Find.Cms.ContentEventIndexer.Sync(IEnumerable`1 contentToIndex, HashSet`1 contentToIndexSet, Func`1 index)
   at EPiServer.Find.Cms.ContentEventIndexer.IndexPageQueue(IEnumerable`1 contentToIndex)
   at EPiServer.Find.Cms.ContentEventIndexer.IndexPageQueue()
2020-08-01 23:44:57,983 [246] ERROR EPiServer.Find.Cms.ContentEventIndexer: An exception occurred while indexing (IContent). The remote name could not be resolved: 'your_uri'.
System.Net.WebException: The remote name could not be resolved: 'your_uri'
   at System.Net.HttpWebRequest.GetRequestStream(TransportContext& context)
   at System.Net.HttpWebRequest.GetRequestStream()
   at EPiServer.Find.Connection.JsonRequest.GetRequestStream(Int64 contentLength)
   at EPiServer.Find.Json.Serializer.SerializeObjectsToJsonRequest(JsonSerializer serializer, IJsonRequest jsonRequest, IEnumerable values)
   at EPiServer.Find.Api.BulkCommand.Execute(List`1& serializationFailures)
   at EPiServer.Find.Api.BulkCommand.Execute()
   at EPiServer.Find.Client.Index(IEnumerable objectsToIndex, Boolean deleteLanguageRoutingDuplicatesOnIndex)
   at EPiServer.Find.Cms.ContentIndexer.IndexWithRetry(IContent[] contents, Int32 maxRetries, Boolean deleteLanguageRoutingDuplicatesOnIndex)
   at EPiServer.Find.Cms.ContentIndexer.Index(IEnumerable`1 contents, IndexOptions options)
   at EPiServer.Find.Cms.ContentIndexer.IndexFrom(ContentReference contentLink, Boolean includeRootPage, IndexOptions indexOptions)
   at EPiServer.Find.Cms.ContentEventIndexer.<>c__DisplayClass25_1.<IndexPageQueue>b__2()
   at EPiServer.Find.Cms.ContentEventIndexer.Sync(IEnumerable`1 contentToIndex, HashSet`1 contentToIndexSet, Func`1 index)
   at EPiServer.Find.Cms.ContentEventIndexer.IndexPageQueue(IEnumerable`1 contentToIndex)
   at EPiServer.Find.Cms.ContentEventIndexer.IndexPageQueue()
System.Net.WebException: The remote name could not be resolved: 'your_uri'
   at System.Net.HttpWebRequest.GetRequestStream(TransportContext& context)
   at System.Net.HttpWebRequest.GetRequestStream()
   at EPiServer.Find.Connection.JsonRequest.GetRequestStream(Int64 contentLength)
   at EPiServer.Find.Json.Serializer.SerializeObjectsToJsonRequest(JsonSerializer serializer, IJsonRequest jsonRequest, IEnumerable values)
   at EPiServer.Find.Api.BulkCommand.Execute(List`1& serializationFailures)
   at EPiServer.Find.Api.BulkCommand.Execute()
   at EPiServer.Find.Client.Index(IEnumerable objectsToIndex, Boolean deleteLanguageRoutingDuplicatesOnIndex)
   at EPiServer.Find.Cms.ContentIndexer.IndexWithRetry(IContent[] contents, Int32 maxRetries, Boolean deleteLanguageRoutingDuplicatesOnIndex)
   at EPiServer.Find.Cms.ContentIndexer.Index(IEnumerable`1 contents, IndexOptions options)
   at EPiServer.Find.Cms.ContentIndexer.IndexFrom(ContentReference contentLink, Boolean includeRootPage, IndexOptions indexOptions)
   at EPiServer.Find.Cms.ContentEventIndexer.<>c__DisplayClass25_1.<IndexPageQueue>b__2()
   at EPiServer.Find.Cms.ContentEventIndexer.Sync(IEnumerable`1 contentToIndex, HashSet`1 contentToIndexSet, Func`1 index)
   at EPiServer.Find.Cms.ContentEventIndexer.IndexPageQueue(IEnumerable`1 contentToIndex)
   at EPiServer.Find.Cms.ContentEventIndexer.IndexPageQueue()
2020-08-01 23:45:08,047 [173] ERROR EPiServer.Find.Cms.ContentEventIndexer: An exception occurred while indexing (IContent). The remote name could not be resolved: 'your_uri'.
System.Net.WebException: The remote name could not be resolved: 'your_uri'
   at System.Net.HttpWebRequest.GetRequestStream(TransportContext& context)
   at System.Net.HttpWebRequest.GetRequestStream()
   at EPiServer.Find.Connection.JsonRequest.GetRequestStream(Int64 contentLength)
   at EPiServer.Find.Json.Serializer.SerializeObjectsToJsonRequest(JsonSerializer serializer, IJsonRequest jsonRequest, IEnumerable values)
   at EPiServer.Find.Api.BulkCommand.Execute(List`1& serializationFailures)
   at EPiServer.Find.Api.BulkCommand.Execute()
   at EPiServer.Find.Client.Index(IEnumerable objectsToIndex, Boolean deleteLanguageRoutingDuplicatesOnIndex)
   at EPiServer.Find.Cms.ContentIndexer.IndexWithRetry(IContent[] contents, Int32 maxRetries, Boolean deleteLanguageRoutingDuplicatesOnIndex)
   at EPiServer.Find.Cms.ContentIndexer.Index(IEnumerable`1 contents, IndexOptions options)
   at EPiServer.Find.Cms.ContentEventIndexer.Index(IEnumerable`1 contentLinks)
   at EPiServer.Find.Cms.ContentEventIndexer.<>c__DisplayClass25_0.<IndexPageQueue>b__0()
   at EPiServer.Find.Cms.ContentEventIndexer.Sync(IEnumerable`1 contentToIndex, HashSet`1 contentToIndexSet, Func`1 index)
   at EPiServer.Find.Cms.ContentEventIndexer.IndexPageQueue(IEnumerable`1 contentToIndex)
   at EPiServer.Find.Cms.ContentEventIndexer.IndexPageQueue()
System.Net.WebException: The remote name could not be resolved: 'your_uri'
   at System.Net.HttpWebRequest.GetRequestStream(TransportContext& context)
   at System.Net.HttpWebRequest.GetRequestStream()
   at EPiServer.Find.Connection.JsonRequest.GetRequestStream(Int64 contentLength)
   at EPiServer.Find.Json.Serializer.SerializeObjectsToJsonRequest(JsonSerializer serializer, IJsonRequest jsonRequest, IEnumerable values)
   at EPiServer.Find.Api.BulkCommand.Execute(List`1& serializationFailures)
   at EPiServer.Find.Api.BulkCommand.Execute()
   at EPiServer.Find.Client.Index(IEnumerable objectsToIndex, Boolean deleteLanguageRoutingDuplicatesOnIndex)
   at EPiServer.Find.Cms.ContentIndexer.IndexWithRetry(IContent[] contents, Int32 maxRetries, Boolean deleteLanguageRoutingDuplicatesOnIndex)
   at EPiServer.Find.Cms.ContentIndexer.Index(IEnumerable`1 contents, IndexOptions options)
   at EPiServer.Find.Cms.ContentEventIndexer.Index(IEnumerable`1 contentLinks)
   at EPiServer.Find.Cms.ContentEventIndexer.<>c__DisplayClass25_0.<IndexPageQueue>b__0()
   at EPiServer.Find.Cms.ContentEventIndexer.Sync(IEnumerable`1 contentToIndex, HashSet`1 contentToIndexSet, Func`1 index)
   at EPiServer.Find.Cms.ContentEventIndexer.IndexPageQueue(IEnumerable`1 contentToIndex)
   at EPiServer.Find.Cms.ContentEventIndexer.IndexPageQueue()
