2020-08-11 11:21:07,579 [1] ERROR EPiServer.Framework.Initialization.InitializationEngine: Initialize action failed for 'Initialize on class EPiServer.Shell.ShellInitialization, EPiServer.Shell, Version=11.25.0.0, Culture=neutral, PublicKeyToken=8fe83dea738b45b7'
System.IO.IOException: The handle is invalid.

   at System.IO.__Error.WinIOError(Int32 errorCode, String maybeFullPath)
   at System.IO.FileStream.ReadCore(Byte[] buffer, Int32 offset, Int32 count)
   at System.IO.FileStream.Read(Byte[] array, Int32 offset, Int32 count)
   at System.IO.BinaryReader.FillBuffer(Int32 numBytes)
   at System.IO.BinaryReader.ReadUInt32()
   at System.IO.Compression.ZipCentralDirectoryFileHeader.TryReadBlock(BinaryReader reader, Boolean saveExtraFieldsAndComments, ZipCentralDirectoryFileHeader& header)
   at System.IO.Compression.ZipArchive.ReadCentralDirectory()
   at System.IO.Compression.ZipArchive.get_Entries()
   at EPiServer.Web.Hosting.CaseInsensitiveZipArchive..ctor(ZipArchive zipArchive)
   at EPiServer.Web.Hosting.FileAndVppZipArchiveReader.OpenArchive()
   at EPiServer.Web.Hosting.ZipArchiveVirtualPathProvider.get_Archive()
   at EPiServer.Web.Hosting.ZipArchiveVirtualPathProvider.GetFileEntry(String virtualPath)
   at EPiServer.Web.Hosting.ZipArchiveVirtualPathProvider.FileExists(String virtualPath)
   at EPiServer.Web.Hosting.ZipArchiveVirtualPathProvider.FileExists(String virtualPath)
   at EPiServer.Web.Hosting.ZipArchiveVirtualPathProvider.FileExists(String virtualPath)
   at EPiServer.Web.Hosting.VirtualPathNonUnifiedProvider.FileExists(String virtualPath)
   at EPiServer.Shell.Modules.ModuleFinder.ReadManifest(String manifestVirtualPath)
   at EPiServer.Shell.Modules.ModuleFinder.GetModuleInDirectory(String routeBasePath, String moduleResourcePath, IEnumerable`1 configuredAssemblyNames, AutoDiscoveryLevel discoveryMode, String configuredName)
   at EPiServer.Shell.Modules.ConfigModuleProvider.<>c__DisplayClass7_0.<GetConfiguredModules>b__0(ModuleDetails i)
   at System.Linq.Enumerable.WhereSelectListIterator`2.MoveNext()
   at System.Linq.Enumerable.WhereEnumerableIterator`1.MoveNext()
   at System.Collections.Generic.List`1..ctor(IEnumerable`1 collection)
   at System.Linq.Enumerable.ToList[TSource](IEnumerable`1 source)
   at EPiServer.Shell.Modules.ConfigModuleProvider.GetConfiguredModules(ModuleOptionsBase moduleInfo)
   at EPiServer.Shell.Modules.ConfigModuleProvider.GetModules()
   at EPiServer.Shell.ShellInitialization.<>c.<GetConfiguredModules>b__16_0(IModuleProvider p)
   at System.Linq.Enumerable.<SelectManyIterator>d__17`2.MoveNext()
   at System.Collections.Generic.List`1..ctor(IEnumerable`1 collection)
   at System.Linq.Enumerable.ToList[TSource](IEnumerable`1 source)
   at EPiServer.Shell.Modules.ShellModule.MergeDuplicateModules(IEnumerable`1 modules)
   at EPiServer.Shell.ShellInitialization.GetConfiguredModules(IServiceLocator locator)
   at EPiServer.Shell.ShellInitialization.Initialize(InitializationEngine context)
   at EPiServer.Framework.Initialization.Internal.ModuleNode.<>c__DisplayClass2_0.<Initialize>b__0()
   at EPiServer.Framework.Initialization.Internal.ModuleNode.Execute(Action a, String key)
   at EPiServer.Framework.Initialization.Internal.ModuleNode.Initialize(InitializationEngine context)
   at EPiServer.Framework.Initialization.InitializationEngine.InitializeModules()
System.IO.IOException: The handle is invalid.

   at System.IO.__Error.WinIOError(Int32 errorCode, String maybeFullPath)
   at System.IO.FileStream.ReadCore(Byte[] buffer, Int32 offset, Int32 count)
   at System.IO.FileStream.Read(Byte[] array, Int32 offset, Int32 count)
   at System.IO.BinaryReader.FillBuffer(Int32 numBytes)
   at System.IO.BinaryReader.ReadUInt32()
   at System.IO.Compression.ZipCentralDirectoryFileHeader.TryReadBlock(BinaryReader reader, Boolean saveExtraFieldsAndComments, ZipCentralDirectoryFileHeader& header)
   at System.IO.Compression.ZipArchive.ReadCentralDirectory()
   at System.IO.Compression.ZipArchive.get_Entries()
   at EPiServer.Web.Hosting.CaseInsensitiveZipArchive..ctor(ZipArchive zipArchive)
   at EPiServer.Web.Hosting.FileAndVppZipArchiveReader.OpenArchive()
   at EPiServer.Web.Hosting.ZipArchiveVirtualPathProvider.get_Archive()
   at EPiServer.Web.Hosting.ZipArchiveVirtualPathProvider.GetFileEntry(String virtualPath)
   at EPiServer.Web.Hosting.ZipArchiveVirtualPathProvider.FileExists(String virtualPath)
   at EPiServer.Web.Hosting.ZipArchiveVirtualPathProvider.FileExists(String virtualPath)
   at EPiServer.Web.Hosting.ZipArchiveVirtualPathProvider.FileExists(String virtualPath)
   at EPiServer.Web.Hosting.VirtualPathNonUnifiedProvider.FileExists(String virtualPath)
   at EPiServer.Shell.Modules.ModuleFinder.ReadManifest(String manifestVirtualPath)
   at EPiServer.Shell.Modules.ModuleFinder.GetModuleInDirectory(String routeBasePath, String moduleResourcePath, IEnumerable`1 configuredAssemblyNames, AutoDiscoveryLevel discoveryMode, String configuredName)
   at EPiServer.Shell.Modules.ConfigModuleProvider.<>c__DisplayClass7_0.<GetConfiguredModules>b__0(ModuleDetails i)
   at System.Linq.Enumerable.WhereSelectListIterator`2.MoveNext()
   at System.Linq.Enumerable.WhereEnumerableIterator`1.MoveNext()
   at System.Collections.Generic.List`1..ctor(IEnumerable`1 collection)
   at System.Linq.Enumerable.ToList[TSource](IEnumerable`1 source)
   at EPiServer.Shell.Modules.ConfigModuleProvider.GetConfiguredModules(ModuleOptionsBase moduleInfo)
   at EPiServer.Shell.Modules.ConfigModuleProvider.GetModules()
   at EPiServer.Shell.ShellInitialization.<>c.<GetConfiguredModules>b__16_0(IModuleProvider p)
   at System.Linq.Enumerable.<SelectManyIterator>d__17`2.MoveNext()
   at System.Collections.Generic.List`1..ctor(IEnumerable`1 collection)
   at System.Linq.Enumerable.ToList[TSource](IEnumerable`1 source)
   at EPiServer.Shell.Modules.ShellModule.MergeDuplicateModules(IEnumerable`1 modules)
   at EPiServer.Shell.ShellInitialization.GetConfiguredModules(IServiceLocator locator)
   at EPiServer.Shell.ShellInitialization.Initialize(InitializationEngine context)
   at EPiServer.Framework.Initialization.Internal.ModuleNode.<>c__DisplayClass2_0.<Initialize>b__0()
   at EPiServer.Framework.Initialization.Internal.ModuleNode.Execute(Action a, String key)
   at EPiServer.Framework.Initialization.Internal.ModuleNode.Initialize(InitializationEngine context)
   at EPiServer.Framework.Initialization.InitializationEngine.InitializeModules()
